<?xml version="1.0" encoding="UTF-8"?>
<testsuite name="fr.insalyon.tc.mid.di.ConfigurationTest" tests="1" skipped="0" failures="0" errors="0" timestamp="2016-05-16T22:12:47" hostname="patrik-elementary" time="0.043">
  <properties/>
  <testcase name="properties_loading" classname="fr.insalyon.tc.mid.di.ConfigurationTest" time="0.043"/>
  <system-out><![CDATA[]]></system-out>
  <system-err><![CDATA[May 17, 2016 12:12:47 AM org.springframework.context.annotation.AnnotationConfigApplicationContext prepareRefresh
INFO: Refreshing org.springframework.context.annotation.AnnotationConfigApplicationContext@4115ab91: startup date [Tue May 17 00:12:47 CEST 2016]; root of context hierarchy
]]></system-err>
</testsuite>
